Log file open, 03/08/20 14:32:33
LogWindows: Failed to load 'aqProf.dll' (GetLastError=126)
LogWindows: File 'aqProf.dll' does not exist
LogWindows: Failed to load 'VSPerf140.dll' (GetLastError=126)
LogWindows: File 'VSPerf140.dll' does not exist
LogWindows: Failed to load 'VtuneApi.dll' (GetLastError=126)
LogWindows: File 'VtuneApi.dll' does not exist
LogWindows: Failed to load 'VtuneApi32e.dll' (GetLastError=126)
LogWindows: File 'VtuneApi32e.dll' does not exist
LogInit: Display: Running engine for game: UnNamed
LogPlatformFile: Not using cached read wrapper
LogInit: Display: RandInit(-814728762) SRandInit(-814728762).
LogTaskGraph: Started task graph with 5 named threads and 14 total threads with 3 sets of task threads.
LogStats: Stats thread started at 0.160721
LogD3D11RHI: Aftermath initialized
LogPluginManager: Mounting plugin Paper2D
LogPluginManager: Mounting plugin LightPropagationVolume
LogPluginManager: Mounting plugin CodeLiteSourceCodeAccess
LogPluginManager: Mounting plugin GitSourceControl
LogPluginManager: Mounting plugin KDevelopSourceCodeAccess
LogPluginManager: Mounting plugin NullSourceCodeAccess
LogPluginManager: Mounting plugin PerforceSourceControl
LogPluginManager: Mounting plugin SubversionSourceControl
LogPluginManager: Mounting plugin UObjectPlugin
LogPluginManager: Mounting plugin VisualStudioSourceCodeAccess
LogPluginManager: Mounting plugin XCodeSourceCodeAccess
LogPluginManager: Mounting plugin AssetManagerEditor
LogPluginManager: Mounting plugin AudioCapture
LogPluginManager: Mounting plugin FacialAnimation
LogPluginManager: Mounting plugin GameplayTagsEditor
LogPluginManager: Mounting plugin MobileLauncherProfileWizard
LogPluginManager: Mounting plugin PluginBrowser
LogPluginManager: Mounting plugin SpeedTreeImporter
LogPluginManager: Mounting plugin AlembicImporter
LogPluginManager: Mounting plugin CharacterAI
LogPluginManager: Mounting plugin HTML5Networking
LogPluginManager: Mounting plugin AndroidMedia
LogPluginManager: Mounting plugin AvfMedia
LogPluginManager: Mounting plugin MediaPlayerEditor
LogPluginManager: Mounting plugin WmfMedia
LogPluginManager: Mounting plugin TcpMessaging
LogPluginManager: Mounting plugin UdpMessaging
LogPluginManager: Mounting plugin LevelSequenceEditor
LogPluginManager: Mounting plugin MatineeToLevelSequence
LogPluginManager: Mounting plugin OnlineSubsystemGooglePlay
LogPluginManager: Mounting plugin OnlineSubsystemIOS
LogPluginManager: Mounting plugin OnlineSubsystem
LogPluginManager: Mounting plugin OnlineSubsystemNull
LogPluginManager: Mounting plugin OnlineSubsystemUtils
LogPluginManager: Mounting plugin AndroidDeviceProfileSelector
LogPluginManager: Mounting plugin AndroidMoviePlayer
LogPluginManager: Mounting plugin AndroidPermission
LogPluginManager: Mounting plugin AppleMoviePlayer
LogPluginManager: Mounting plugin ArchVisCharacter
LogPluginManager: Mounting plugin CableComponent
LogPluginManager: Mounting plugin CustomMeshComponent
LogPluginManager: Mounting plugin ExampleDeviceProfileSelector
LogPluginManager: Mounting plugin GoogleCloudMessaging
LogPluginManager: Mounting plugin ImmediatePhysics
LogPluginManager: Mounting plugin IOSDeviceProfileSelector
LogPluginManager: Mounting plugin LinuxDeviceProfileSelector
LogPluginManager: Mounting plugin LocationServicesBPLibrary
LogPluginManager: Mounting plugin MobilePatchingUtils
LogPluginManager: Mounting plugin OculusVR
LogPluginManager: Mounting plugin PhysXVehicles
LogPluginManager: Mounting plugin ProceduralMeshComponent
LogPluginManager: Mounting plugin RuntimePhysXCooking
LogPluginManager: Mounting plugin SteamVR
LogPluginManager: Mounting plugin WindowsMoviePlayer
LogInit: Using libcurl 7.47.1
LogInit:  - built for x86_64-pc-win32
LogInit:  - supports SSL with OpenSSL/1.0.2g
LogInit:  - supports HTTP deflate (compression) using libz 1.2.8
LogInit:  - other features:
LogInit:      CURL_VERSION_SSL
LogInit:      CURL_VERSION_LIBZ
LogInit:      CURL_VERSION_IPV6
LogInit:      CURL_VERSION_ASYNCHDNS
LogInit:      CURL_VERSION_LARGEFILE
LogInit:      CURL_VERSION_IDN
LogInit:  CurlRequestOptions (configurable via config and command line):
LogInit:  - bVerifyPeer = false  - Libcurl will NOT verify peer certificate
LogInit:  - bUseHttpProxy = false  - Libcurl will NOT use HTTP proxy
LogInit:  - bDontReuseConnections = false  - Libcurl will reuse connections
LogInit:  - CertBundlePath = nullptr  - Libcurl will use whatever was configured at build time.
LogInit: Build: ++UE4+Release-4.17-CL-3658906
LogInit: Engine Version: 4.17.2-3658906+++UE4+Release-4.17
LogInit: Compatible Engine Version: 4.17.0-3573198+++UE4+Release-4.17
LogInit: Net CL: 3573198
LogDevObjectVersion: Number of dev versions registered: 16
LogDevObjectVersion:   Dev-Blueprints (B0D832E4-1F89-4F0D-ACCF-7EB736FD4AA2): 10
LogDevObjectVersion:   Dev-Build (E1C64328-A22C-4D53-A36C-8E866417BD8C): 0
LogDevObjectVersion:   Dev-Core (375EC13C-06E4-48FB-B500-84F0262A717E): 2
LogDevObjectVersion:   Dev-Editor (E4B068ED-F494-42E9-A231-DA0B2E46BB41): 20
LogDevObjectVersion:   Dev-Framework (CFFC743F-43B0-4480-9391-14DF171D2073): 28
LogDevObjectVersion:   Dev-Mobile (B02B49B5-BB20-44E9-A304-32B752E40360): 0
LogDevObjectVersion:   Dev-Networking (A4E4105C-59A1-49B5-A7C5-40C4547EDFEE): 0
LogDevObjectVersion:   Dev-Online (39C831C9-5AE6-47DC-9A44-9C173E1C8E7C): 0
LogDevObjectVersion:   Dev-Physics (78F01B33-EBEA-4F98-B9B4-84EACCB95AA2): 0
LogDevObjectVersion:   Dev-Platform (6631380F-2D4D-43E0-8009-CF276956A95A): 0
LogDevObjectVersion:   Dev-Rendering (12F88B9F-8875-4AFC-A67C-D90C383ABD29): 19
LogDevObjectVersion:   Dev-Sequencer (7B5AE74C-D270-4C10-A958-57980B212A5A): 4
LogDevObjectVersion:   Dev-VR (D7296918-1DD6-4BDD-9DE2-64A83CC13884): 0
LogDevObjectVersion:   Dev-LoadTimes (C2A15278-BFE7-4AFE-6C17-90FF531DF755): 1
LogDevObjectVersion:   Private-Geometry (6EACA3D4-40EC-4CC1-B786-8BED09428FC5): 1
LogDevObjectVersion:   Dev-AnimPhys (29E575DD-E0A3-4627-9D10-D276232CDCEA): 7
LogInit: Compiled (64-bit): Sep 22 2017 13:47:16
LogInit: Compiled with Visual C++: 19.00.24215.01
LogInit: Build Configuration: Development
LogInit: Branch Name: ++UE4+Release-4.17
LogInit: Command line:  
LogInit: Base directory: D:/UnrealEngine/UE_4.17/Engine/Binaries/Win64/
LogInit: Installed Engine Build: 1
LogInit: Presizing for max 8388607 objects, including 0 objects not considered by GC, pre-allocating 0 bytes for permanent pool.
LogInit: Object subsystem initialized
[2020.03.08-09.02.33:849][  0]LogInit: Selected Device Profile: [Windows]
[2020.03.08-09.02.33:849][  0]LogInit: Applying CVar settings loaded from the selected device profile: [Windows]
[2020.03.08-09.02.33:878][  0]LogInit: Computer: DUBEYJI
[2020.03.08-09.02.33:878][  0]LogInit: User: spiniferx
[2020.03.08-09.02.33:878][  0]LogInit: CPU Page size=4096, Cores=4
[2020.03.08-09.02.33:878][  0]LogInit: High frequency timer resolution =10.000000 MHz
[2020.03.08-09.02.33:878][  0]LogMemory: Memory total: Physical=15.8GB (16GB approx)
[2020.03.08-09.02.33:878][  0]LogMemory: Platform Memory Stats for Windows
[2020.03.08-09.02.33:878][  0]LogMemory: Process Physical Memory: 278.67 MB used, 278.67 MB peak
[2020.03.08-09.02.33:878][  0]LogMemory: Process Virtual Memory: 282.33 MB used, 282.33 MB peak
[2020.03.08-09.02.33:878][  0]LogMemory: Physical Memory: 6874.82 MB used,  9351.48 MB free, 16226.30 MB total
[2020.03.08-09.02.33:878][  0]LogMemory: Virtual Memory: 4796.00 MB used,  9351.48 MB free, 134217728.00 MB total
[2020.03.08-09.02.33:989][  0]LogInit: Using OS detected language (en-US).
[2020.03.08-09.02.33:989][  0]LogInit: Using OS detected locale (en-IN).
[2020.03.08-09.02.34:042][  0]LogTextLocalizationManager: No specific localization for 'en-US' exists, so the 'en' localization will be used.
[2020.03.08-09.02.36:643][  0]LogD3D11RHI: D3D11 adapters:
[2020.03.08-09.02.36:711][  0]LogD3D11RHI:    0. 'NVIDIA GeForce GTX 1060' (Feature Level 11_0)
[2020.03.08-09.02.36:711][  0]LogD3D11RHI:       6052/0/8113 MB DedicatedVideo/DedicatedSystem/SharedSystem, Outputs:1, VendorId:0x10de
[2020.03.08-09.02.36:738][  0]LogD3D11RHI:    1. 'Intel(R) UHD Graphics 630' (Feature Level 11_0)
[2020.03.08-09.02.36:738][  0]LogD3D11RHI:       128/0/8113 MB DedicatedVideo/DedicatedSystem/SharedSystem, Outputs:0, VendorId:0x8086
[2020.03.08-09.02.36:740][  0]LogD3D11RHI:    2. 'Microsoft Basic Render Driver' (Feature Level 11_0)
[2020.03.08-09.02.36:740][  0]LogD3D11RHI:       0/0/8113 MB DedicatedVideo/DedicatedSystem/SharedSystem, Outputs:0, VendorId:0x1414
[2020.03.08-09.02.36:740][  0]LogD3D11RHI: Chosen D3D11 Adapter: 0
[2020.03.08-09.02.36:760][  0]LogD3D11RHI: Creating new Direct3DDevice
[2020.03.08-09.02.36:760][  0]LogD3D11RHI:     GPU DeviceId: 0x1c20 (for the marketing name, search the web for "GPU Device Id")
[2020.03.08-09.02.36:760][  0]LogWindows: EnumDisplayDevices:
[2020.03.08-09.02.36:760][  0]LogWindows:    0. 'Intel(R) UHD Graphics 630' (P:1 D:1)
[2020.03.08-09.02.36:760][  0]LogWindows:    1. 'Intel(R) UHD Graphics 630' (P:0 D:0)
[2020.03.08-09.02.36:761][  0]LogWindows:    2. 'Intel(R) UHD Graphics 630' (P:0 D:0)
[2020.03.08-09.02.36:761][  0]LogWindows:    3. 'NVIDIA GeForce GTX 1060' (P:0 D:0)
[2020.03.08-09.02.36:761][  0]LogWindows: DebugString: GetVideoDriverDetailsInvalid PrimaryIsNotTheChoosenAdapter GetVideoDriverDetailsInvalid PrimaryIsNotTheChoosenAdapter GetVideoDriverDetailsInvalid PrimaryIsNotTheChoosenAdapter GetVideoDriverDetailsInvalid PrimaryIsNotTheChoosenAdapter FoundDriverCount:0 
[2020.03.08-09.02.36:761][  0]LogD3D11RHI:     Adapter Name: NVIDIA GeForce GTX 1060
[2020.03.08-09.02.36:761][  0]LogD3D11RHI:   Driver Version: Unknown (internal:Unknown, unified:Unknown)
[2020.03.08-09.02.36:761][  0]LogD3D11RHI:      Driver Date: Unknown
[2020.03.08-09.02.36:761][  0]LogRHI: Texture pool is 1361 MB (70% of 1945 MB)
[2020.03.08-09.02.36:799][  0]LogD3D11RHI: Async texture creation enabled
[2020.03.08-09.02.36:812][  0]LogD3D11RHI: GPU Timing Frequency: 1000.000000 (Debug: 2 1)
[2020.03.08-09.02.36:812][  0]LogShaderCompilers: Guid format shader working directory is 1 characters bigger than the processId version (../../../../Projects/UnrealTPSRepository/TPSProto/Intermediate/Shaders/WorkingDirectory/36148/).
[2020.03.08-09.02.36:813][  0]LogShaderCompilers: Cleaned the shader compiler working directory 'C:/Users/spinifer_x/AppData/Local/Temp/UnrealShaderWorkingDir/04A56AFC4FE57C003BF2CF85F85BE445/'.
[2020.03.08-09.02.36:813][  0]LogShaderCompilers: Display: Using Local Shader Compiler.
[2020.03.08-09.02.38:726][  0]LogTemp: Display: Loaded TP AllDesktopTargetPlatform
[2020.03.08-09.02.38:761][  0]LogTemp: Display: Loaded TP MacClientTargetPlatform
[2020.03.08-09.02.38:797][  0]LogTemp: Display: Loaded TP MacNoEditorTargetPlatform
[2020.03.08-09.02.38:833][  0]LogTemp: Display: Loaded TP MacServerTargetPlatform
[2020.03.08-09.02.38:884][  0]LogTemp: Display: Loaded TP MacTargetPlatform
[2020.03.08-09.02.38:920][  0]LogTemp: Display: Loaded TP WindowsClientTargetPlatform
[2020.03.08-09.02.38:957][  0]LogTemp: Display: Loaded TP WindowsNoEditorTargetPlatform
[2020.03.08-09.02.38:994][  0]LogTemp: Display: Loaded TP WindowsServerTargetPlatform
[2020.03.08-09.02.39:025][  0]LogTemp: Display: Loaded TP WindowsTargetPlatform
[2020.03.08-09.02.39:065][  0]LogTemp: Display: Loaded TP AndroidTargetPlatform
[2020.03.08-09.02.39:101][  0]LogTemp: Display: Loaded TP Android_ASTCTargetPlatform
[2020.03.08-09.02.39:136][  0]LogTemp: Display: Loaded TP Android_ATCTargetPlatform
[2020.03.08-09.02.39:171][  0]LogTemp: Display: Loaded TP Android_DXTTargetPlatform
[2020.03.08-09.02.39:209][  0]LogTemp: Display: Loaded TP Android_ETC1TargetPlatform
[2020.03.08-09.02.39:245][  0]LogTemp: Display: Loaded TP Android_ETC2TargetPlatform
[2020.03.08-09.02.39:315][  0]LogTemp: Display: Loaded TP Android_MultiTargetPlatform
[2020.03.08-09.02.39:315][  0]LogTemp: Display: Loaded TP Android_PVRTCTargetPlatform
[2020.03.08-09.02.39:355][  0]LogTemp: Display: Loaded TP HTML5TargetPlatform
[2020.03.08-09.02.39:485][  0]LogTemp: Display: Loaded TP IOSTargetPlatform
[2020.03.08-09.02.39:506][  0]LogTemp: Display: Loaded TP TVOSTargetPlatform
[2020.03.08-09.02.39:543][  0]LogTemp: Display: Loaded TP LinuxClientTargetPlatform
[2020.03.08-09.02.39:579][  0]LogTemp: Display: Loaded TP LinuxNoEditorTargetPlatform
[2020.03.08-09.02.39:615][  0]LogTemp: Display: Loaded TP LinuxServerTargetPlatform
[2020.03.08-09.02.39:655][  0]LogTemp: Display: Loaded TP LinuxTargetPlatform
[2020.03.08-09.02.39:655][  0]LogTargetPlatformManager: Display: Building Assets For Windows
[2020.03.08-09.02.41:097][  0]LogDerivedDataCache: Display: Max Cache Size: 512 MB
[2020.03.08-09.02.41:181][  0]LogDerivedDataCache: Loaded boot cache 0.08s 93MB C:/Users/spinifer_x/AppData/Local/UnrealEngine/4.17/DerivedDataCache/Boot.ddc.
[2020.03.08-09.02.41:181][  0]LogDerivedDataCache: Display: Loaded Boot cache: C:/Users/spinifer_x/AppData/Local/UnrealEngine/4.17/DerivedDataCache/Boot.ddc
[2020.03.08-09.02.41:181][  0]LogDerivedDataCache: FDerivedDataBackendGraph:  Pak pak cache file ../../../../Projects/UnrealTPSRepository/TPSProto/DerivedDataCache/DDC.ddp not found, will not use a pak cache.
[2020.03.08-09.02.41:182][  0]LogDerivedDataCache: Unable to find inner node Pak for hierarchical cache Hierarchy.
[2020.03.08-09.02.41:182][  0]LogDerivedDataCache: FDerivedDataBackendGraph:  CompressedPak pak cache file ../../../../Projects/UnrealTPSRepository/TPSProto/DerivedDataCache/Compressed.ddp not found, will not use a pak cache.
[2020.03.08-09.02.41:182][  0]LogDerivedDataCache: Unable to find inner node CompressedPak for hierarchical cache Hierarchy.
[2020.03.08-09.02.41:220][  0]LogDerivedDataCache: Display: Pak cache opened for reading ../../../Engine/DerivedDataCache/Compressed.ddp.
[2020.03.08-09.02.41:233][  0]LogDerivedDataCache: Using Local data cache path C:/Users/spinifer_x/AppData/Local/UnrealEngine/Common/DerivedDataCache: Writable
[2020.03.08-09.02.41:241][  0]LogMaterial: Verifying Global Shaders for PCD3D_SM5
[2020.03.08-09.02.41:242][  0]LogSlate: Using Freetype 2.6.0
[2020.03.08-09.02.41:258][  0]LogSlate: SlateFontCache - WITH_FREETYPE: 1, WITH_HARFBUZZ: 1
[2020.03.08-09.02.41:259][  0]LogSlate: SlateFontCache - WITH_FREETYPE: 1, WITH_HARFBUZZ: 1
[2020.03.08-09.03.00:812][  0]LogAssetRegistry: FAssetRegistry took 0.0253 seconds to start up
[2020.03.08-09.03.00:907][  0]LogInit: Selected Device Profile: [Windows]
[2020.03.08-09.03.03:381][  0]LogSimplygon: Simplygon DLL not present - disabling.
[2020.03.08-09.03.03:409][  0]LogMeshReduction: Using SimplygonSwarm for distributed automatic mesh merging
[2020.03.08-09.03.03:409][  0]LogMeshReduction: Using QuadricMeshReduction for automatic static mesh reduction
[2020.03.08-09.03.03:409][  0]LogMeshReduction: No automatic skeletal mesh reduction module available
[2020.03.08-09.03.03:409][  0]LogMeshReduction: No automatic mesh merging module available
[2020.03.08-09.03.03:409][  0]LogMeshMerging: No automatic mesh merging module available
[2020.03.08-09.03.03:458][  0]LogContentStreaming: Texture pool size is 0.00 MB
[2020.03.08-09.03.04:131][  0]LogNetVersion: UnNamed , NetCL: 3573198, EngineNetVer: 2, GameNetVer: 0 (Checksum: 2631228827)
[2020.03.08-09.03.04:556][  0]LogPackageLocalizationCache: Processed 5 localized package path(s) for 2 prioritized culture(s) in 0.043409 seconds
[2020.03.08-09.03.04:562][  0]LogUObjectArray: 35825 objects as part of root set at end of initial load.
[2020.03.08-09.03.04:562][  0]LogUObjectAllocator: 7529104 out of 0 bytes used by permanent object pool.
[2020.03.08-09.03.04:562][  0]LogUObjectArray: CloseDisregardForGC: 0/0 objects in disregard for GC pool
[2020.03.08-09.03.04:607][  0]LogInit: WinSock: version 1.1 (2.2), MaxSocks=32767, MaxUdp=65467
[2020.03.08-09.03.08:375][  0]LogTcpMessaging: Initializing TcpMessaging bridge
[2020.03.08-09.03.08:404][  0]LogUdpMessaging: Initializing bridge on interface 0.0.0.0:0 to multicast group 230.0.0.1:6666.
[2020.03.08-09.03.08:954][  0]LogMaterial: Uniform references updated for custom material expression Custom.
[2020.03.08-09.03.09:334][  0]SourceControl: Source control is disabled
[2020.03.08-09.03.09:334][  0]SourceControl: Source control is disabled
[2020.03.08-09.03.09:384][  0]SourceControl: Source control is disabled
[2020.03.08-09.03.09:419][  0]SourceControl: Source control is disabled
[2020.03.08-09.03.09:829][  0]LogAndroidPermission: UAndroidPermissionCallbackProxy::GetInstance
[2020.03.08-09.03.09:998][  0]LogOcInput: OculusInput pre-init called
[2020.03.08-09.03.10:240][  0]LogEngine: Initializing Engine...
[2020.03.08-09.03.10:241][  0]LogHMD: Failed to initialize OpenVR with code 110
[2020.03.08-09.03.10:617][  0]LogStats: UGameplayTagsManager::ConstructGameplayTagTree: Construct from data asset -  0.000 s
[2020.03.08-09.03.10:617][  0]LogStats: UGameplayTagsManager::ConstructGameplayTagTree: GameplayTagTreeChangedEvent.Broadcast -  0.000 s
[2020.03.08-09.03.10:713][  0]LogAIModule: Creating AISystem for world Untitled
[2020.03.08-09.03.10:721][  0]LogInit: XAudio2 using 'Speakers (Realtek High Definition Audio)' : 2 channels at 48 kHz using 32 bits per sample (channel mask 0x3)
[2020.03.08-09.03.10:743][  0]LogInit: FAudioDevice initialized.
[2020.03.08-09.03.10:831][  0]LogDerivedDataCache: Saved boot cache 0.09s 93MB C:/Users/spinifer_x/AppData/Local/UnrealEngine/4.17/DerivedDataCache/Boot.ddc.
[2020.03.08-09.03.10:847][  0]LogInit: Texture streaming: Enabled
[2020.03.08-09.03.10:923][  0]LogEngineSessionManager: EngineSessionManager initialized
[2020.03.08-09.03.11:082][  0]LogInit: Transaction tracking system initialized
[2020.03.08-09.03.11:288][  0]BlueprintLog: New page: Editor Load
[2020.03.08-09.03.11:879][  0]LocalizationService: Localization service is disabled
[2020.03.08-09.03.12:379][  0]LogConsoleResponse: Display: 
[2020.03.08-09.03.12:942][  0]LogCook: Display: Max memory allowance for cook 16384mb min free memory 0mb
[2020.03.08-09.03.12:942][  0]LogCook: Display: Mobile HDR setting 1
[2020.03.08-09.03.12:942][  0]LogGameplayTags: Display: UGameplayTagsManager::DoneAddingNativeTags. DelegateIsBound: 0
[2020.03.08-09.03.13:067][  0]LogFileCache: Scanning file cache for directory 'D:/UnrealEngine/Projects/UnrealTPSRepository/TPSProto/Content/' took 0.02s
[2020.03.08-09.03.13:690][  0]SourceControl: Source control is disabled
[2020.03.08-09.03.13:690][  0]Cmd: MAP LOAD FILE="../../../../Projects/UnrealTPSRepository/TPSProto/Content/ThirdPersonBP/Maps/ThirdPersonExampleMap.umap" TEMPLATE=0 SHOWPROGRESS=1 FEATURELEVEL=3
[2020.03.08-09.03.13:690][  0]LightingResults: New page: Lighting Build
[2020.03.08-09.03.13:718][  0]MapCheck: New page: Map Check
[2020.03.08-09.03.13:718][  0]LightingResults: New page: Lighting Build
[2020.03.08-09.03.18:308][  0]LogAIModule: Creating AISystem for world ThirdPersonExampleMap
[2020.03.08-09.03.18:328][  0]LogEditorServer: Finished looking for orphan Actors (0.000 secs)
[2020.03.08-09.03.18:351][  0]Cmd: MAP CHECKDEP NOCLEARLOG
[2020.03.08-09.03.18:391][  0]MapCheck: Map check complete: 0 Error(s), 0 Warning(s), took 39.689ms to complete.
[2020.03.08-09.03.18:391][  0]LogFileHelpers: Loading map 'ThirdPersonExampleMap' took 4.701
[2020.03.08-09.03.18:558][  0]LogCollectionManager: Loaded 0 collections in 0.000790 seconds
[2020.03.08-09.03.18:623][  0]LogFileCache: Scanning file cache for directory 'D:/UnrealEngine/Projects/UnrealTPSRepository/TPSProto/Saved/Collections/' took 0.01s
[2020.03.08-09.03.18:623][  0]LogFileCache: Scanning file cache for directory 'D:/UnrealEngine/Projects/UnrealTPSRepository/TPSProto/Content/Developers/spiniferx/Collections/' took 0.01s
[2020.03.08-09.03.18:623][  0]LogFileCache: Scanning file cache for directory 'D:/UnrealEngine/Projects/UnrealTPSRepository/TPSProto/Content/Collections/' took 0.01s
[2020.03.08-09.03.18:623][  0]LogCollectionManager: Rebuilt the GUID cache for 0 collections in 0.000001 seconds
[2020.03.08-09.03.18:633][  0]LogContentBrowser: Native class hierarchy populated in 0.0096 seconds. Added 2386 classes and 500 folders.
[2020.03.08-09.03.18:678][  0]LogContentBrowser: Native class hierarchy updated for 'WidgetCarousel' in 0.0031 seconds. Added 0 classes and 0 folders.
[2020.03.08-09.03.18:949][  0]LogContentBrowser: Native class hierarchy updated for 'AddContentDialog' in 0.0031 seconds. Added 0 classes and 0 folders.
[2020.03.08-09.03.18:980][  0]LogContentBrowser: Native class hierarchy updated for 'SceneOutliner' in 0.0030 seconds. Added 1 classes and 2 folders.
[2020.03.08-09.03.19:010][  0]LogSlate: Took 0.005498 seconds to synchronously load lazily loaded font '../../../Engine/Content/Slate/Fonts/Roboto-Regular.ttf' (155K)
[2020.03.08-09.03.19:017][  0]LogSlate: Took 0.004942 seconds to synchronously load lazily loaded font '../../../Engine/Content/Slate/Fonts/Roboto-Bold.ttf' (160K)
[2020.03.08-09.03.19:027][  0]LogSlate: Took 0.005242 seconds to synchronously load lazily loaded font '../../../Engine/Content/Editor/Slate/Fonts/FontAwesome.ttf' (139K)
[2020.03.08-09.03.19:166][  0]LogRenderer: Reallocating scene render targets to support 936x412 Format 10 NumSamples 1 (Frame:1).
[2020.03.08-09.03.19:234][  0]LogSlate: Took 0.004420 seconds to synchronously load lazily loaded font '../../../Engine/Content/Slate/Fonts/Roboto-Light.ttf' (159K)
[2020.03.08-09.03.19:397][  0]LogContentBrowser: Native class hierarchy updated for 'HierarchicalLODOutliner' in 0.0033 seconds. Added 1 classes and 2 folders.
[2020.03.08-09.03.19:397][  0]LogLoad: (Engine Initialization) Total time: 48.43 seconds
[2020.03.08-09.03.19:397][  0]LogLoad: (Engine Initialization) Total Blueprint compile time: 0.00 seconds
[2020.03.08-09.03.19:397][  0]LogExternalProfiler: No external profilers were discovered.  External profiling features will not be available.
[2020.03.08-09.03.19:440][  0]LogContentStreaming: Texture pool size now 1000 MB
[2020.03.08-09.03.19:871][  1]LogAssetRegistry: Asset discovery search completed in 19.0803 seconds
[2020.03.08-09.03.19:873][  1]LogCollectionManager: Rebuilt the object cache for 0 collections in 0.000001 seconds (found 0 objects)
[2020.03.08-09.03.19:873][  1]LogCollectionManager: Fixed up redirectors for 0 collections in 0.000038 seconds (updated 0 objects)
[2020.03.08-09.03.48:730][643]LogTemp: Repeating last play command: Selected Viewport
[2020.03.08-09.03.50:027][643]LogBlueprintUserMessages: Early PlayInEditor Detection: Level '/Game/ThirdPersonBP/Maps/ThirdPersonExampleMap.ThirdPersonExampleMap:PersistentLevel' has LevelScriptBlueprint '/Game/ThirdPersonBP/Maps/ThirdPersonExampleMap.ThirdPersonExampleMap:PersistentLevel.ThirdPersonExampleMap' with GeneratedClass '/Game/ThirdPersonBP/Maps/ThirdPersonExampleMap.ThirdPersonExampleMap_C' with ClassGeneratedBy '/Game/ThirdPersonBP/Maps/ThirdPersonExampleMap.ThirdPersonExampleMap:PersistentLevel.ThirdPersonExampleMap'
[2020.03.08-09.03.50:027][643]LogPlayLevel: PlayLevel: No blueprints needed recompiling
[2020.03.08-09.03.50:028][643]PIE: New page: PIE session: ThirdPersonExampleMap (08-Mar-2020 8:03:50 pm)
[2020.03.08-09.03.50:074][643]LogPlayLevel: Creating play world package: /Game/ThirdPersonBP/Maps/UEDPIE_0_ThirdPersonExampleMap
[2020.03.08-09.03.50:089][643]LogPlayLevel: PIE: StaticDuplicateObject took: (0.014951s)
[2020.03.08-09.03.50:089][643]LogAIModule: Creating AISystem for world ThirdPersonExampleMap
[2020.03.08-09.03.50:089][643]LogPlayLevel: PIE: World Init took: (0.000679s)
[2020.03.08-09.03.50:090][643]LogPlayLevel: PIE: Created PIE world by copying editor world from /Game/ThirdPersonBP/Maps/ThirdPersonExampleMap.ThirdPersonExampleMap to /Game/ThirdPersonBP/Maps/UEDPIE_0_ThirdPersonExampleMap.ThirdPersonExampleMap (0.015939s)
[2020.03.08-09.03.50:102][643]LogInit: XAudio2 using 'Speakers (Realtek High Definition Audio)' : 2 channels at 48 kHz using 32 bits per sample (channel mask 0x3)
[2020.03.08-09.03.50:119][643]LogInit: FAudioDevice initialized.
[2020.03.08-09.03.50:321][643]LogLoad: Game class is 'ThirdPersonGameMode_C'
[2020.03.08-09.03.50:324][643]LogWorld: Bringing World /Game/ThirdPersonBP/Maps/UEDPIE_0_ThirdPersonExampleMap.ThirdPersonExampleMap up for play (max tick rate 60) at 2020.03.08-14.33.50
[2020.03.08-09.03.50:325][643]LogWorld: Bringing up level for play took: 0.002358
[2020.03.08-09.03.50:356][643]LogContentBrowser: Native class hierarchy updated for 'MovieSceneCapture' in 0.0033 seconds. Added 11 classes and 0 folders.
[2020.03.08-09.03.50:357][643]PIE: Play in editor start time for /Game/ThirdPersonBP/Maps/UEDPIE_0_ThirdPersonExampleMap 0.673
[2020.03.08-09.03.50:357][643]LogBlueprintUserMessages: Late PlayInEditor Detection: Level '/Game/ThirdPersonBP/Maps/ThirdPersonExampleMap.ThirdPersonExampleMap:PersistentLevel' has LevelScriptBlueprint '/Game/ThirdPersonBP/Maps/ThirdPersonExampleMap.ThirdPersonExampleMap:PersistentLevel.ThirdPersonExampleMap' with GeneratedClass '/Game/ThirdPersonBP/Maps/ThirdPersonExampleMap.ThirdPersonExampleMap_C' with ClassGeneratedBy '/Game/ThirdPersonBP/Maps/ThirdPersonExampleMap.ThirdPersonExampleMap:PersistentLevel.ThirdPersonExampleMap'
[2020.03.08-09.04.17:384][256]LogBlueprintUserMessages: Early EndPlayMap Detection: Level '/Game/ThirdPersonBP/Maps/ThirdPersonExampleMap.ThirdPersonExampleMap:PersistentLevel' has LevelScriptBlueprint '/Game/ThirdPersonBP/Maps/ThirdPersonExampleMap.ThirdPersonExampleMap:PersistentLevel.ThirdPersonExampleMap' with GeneratedClass '/Game/ThirdPersonBP/Maps/ThirdPersonExampleMap.ThirdPersonExampleMap_C' with ClassGeneratedBy '/Game/ThirdPersonBP/Maps/ThirdPersonExampleMap.ThirdPersonExampleMap:PersistentLevel.ThirdPersonExampleMap'
[2020.03.08-09.04.17:415][256]LogBlueprintUserMessages: Late EndPlayMap Detection: Level '/Game/ThirdPersonBP/Maps/ThirdPersonExampleMap.ThirdPersonExampleMap:PersistentLevel' has LevelScriptBlueprint '/Game/ThirdPersonBP/Maps/ThirdPersonExampleMap.ThirdPersonExampleMap:PersistentLevel.ThirdPersonExampleMap' with GeneratedClass '/Game/ThirdPersonBP/Maps/ThirdPersonExampleMap.ThirdPersonExampleMap_C' with ClassGeneratedBy '/Game/ThirdPersonBP/Maps/ThirdPersonExampleMap.ThirdPersonExampleMap:PersistentLevel.ThirdPersonExampleMap'
[2020.03.08-09.04.39:829][574]LogRenderer: Reallocating scene render targets to support 940x412 Format 10 NumSamples 1 (Frame:1903).
[2020.03.08-09.04.39:916][576]LogRenderer: Reallocating scene render targets to support 968x412 Format 10 NumSamples 1 (Frame:1907).
[2020.03.08-09.04.39:968][577]LogRenderer: Reallocating scene render targets to support 1008x412 Format 10 NumSamples 1 (Frame:1909).
[2020.03.08-09.04.40:011][578]LogRenderer: Reallocating scene render targets to support 1052x412 Format 10 NumSamples 1 (Frame:1911).
[2020.03.08-09.04.40:060][579]LogRenderer: Reallocating scene render targets to support 1076x412 Format 10 NumSamples 1 (Frame:1913).
[2020.03.08-09.04.40:119][580]LogRenderer: Reallocating scene render targets to support 1092x412 Format 10 NumSamples 1 (Frame:1915).
[2020.03.08-09.04.40:174][581]LogRenderer: Reallocating scene render targets to support 1108x412 Format 10 NumSamples 1 (Frame:1917).
[2020.03.08-09.04.43:361][769]LogRenderer: Reallocating scene render targets to support 1116x412 Format 10 NumSamples 1 (Frame:2109).
[2020.03.08-09.04.43:405][770]LogRenderer: Reallocating scene render targets to support 1136x412 Format 10 NumSamples 1 (Frame:2111).
[2020.03.08-09.04.43:449][771]LogRenderer: Reallocating scene render targets to support 1168x412 Format 10 NumSamples 1 (Frame:2113).
[2020.03.08-09.04.43:498][772]LogRenderer: Reallocating scene render targets to support 1180x412 Format 10 NumSamples 1 (Frame:2115).
[2020.03.08-09.04.43:539][773]LogRenderer: Reallocating scene render targets to support 1188x412 Format 10 NumSamples 1 (Frame:2117).
[2020.03.08-09.04.43:589][774]LogRenderer: Reallocating scene render targets to support 1224x412 Format 10 NumSamples 1 (Frame:2119).
[2020.03.08-09.04.43:636][775]LogRenderer: Reallocating scene render targets to support 1260x412 Format 10 NumSamples 1 (Frame:2121).
[2020.03.08-09.04.46:056][918]LogRenderer: Reallocating scene render targets to support 1260x424 Format 10 NumSamples 1 (Frame:2267).
[2020.03.08-09.04.46:100][919]LogRenderer: Reallocating scene render targets to support 1260x444 Format 10 NumSamples 1 (Frame:2269).
[2020.03.08-09.04.46:149][920]LogRenderer: Reallocating scene render targets to support 1260x504 Format 10 NumSamples 1 (Frame:2271).
[2020.03.08-09.04.46:234][921]LogRenderer: Reallocating scene render targets to support 1260x556 Format 10 NumSamples 1 (Frame:2273).
[2020.03.08-09.04.46:290][922]LogRenderer: Reallocating scene render targets to support 1260x604 Format 10 NumSamples 1 (Frame:2275).
[2020.03.08-09.04.46:334][923]LogRenderer: Reallocating scene render targets to support 1260x608 Format 10 NumSamples 1 (Frame:2277).
[2020.03.08-09.04.46:386][924]LogRenderer: Reallocating scene render targets to support 1260x620 Format 10 NumSamples 1 (Frame:2279).
[2020.03.08-09.04.46:430][925]LogRenderer: Reallocating scene render targets to support 1260x636 Format 10 NumSamples 1 (Frame:2281).
[2020.03.08-09.04.46:474][926]LogRenderer: Reallocating scene render targets to support 1260x640 Format 10 NumSamples 1 (Frame:2283).
[2020.03.08-09.05.11:846][319]LogTemp: Repeating last play command: Selected Viewport
[2020.03.08-09.05.11:879][319]LogBlueprintUserMessages: Early PlayInEditor Detection: Level '/Game/ThirdPersonBP/Maps/ThirdPersonExampleMap.ThirdPersonExampleMap:PersistentLevel' has LevelScriptBlueprint '/Game/ThirdPersonBP/Maps/ThirdPersonExampleMap.ThirdPersonExampleMap:PersistentLevel.ThirdPersonExampleMap' with GeneratedClass '/Game/ThirdPersonBP/Maps/ThirdPersonExampleMap.ThirdPersonExampleMap_C' with ClassGeneratedBy '/Game/ThirdPersonBP/Maps/ThirdPersonExampleMap.ThirdPersonExampleMap:PersistentLevel.ThirdPersonExampleMap'
[2020.03.08-09.05.11:879][319]LogPlayLevel: PlayLevel: No blueprints needed recompiling
[2020.03.08-09.05.11:879][319]PIE: New page: PIE session: ThirdPersonExampleMap (08-Mar-2020 8:05:11 pm)
[2020.03.08-09.05.11:880][319]LogPlayLevel: Creating play world package: /Game/ThirdPersonBP/Maps/UEDPIE_0_ThirdPersonExampleMap
[2020.03.08-09.05.11:903][319]LogPlayLevel: PIE: StaticDuplicateObject took: (0.023436s)
[2020.03.08-09.05.11:904][319]LogAIModule: Creating AISystem for world ThirdPersonExampleMap
[2020.03.08-09.05.11:905][319]LogPlayLevel: PIE: World Init took: (0.001220s)
[2020.03.08-09.05.11:905][319]LogPlayLevel: PIE: Created PIE world by copying editor world from /Game/ThirdPersonBP/Maps/ThirdPersonExampleMap.ThirdPersonExampleMap to /Game/ThirdPersonBP/Maps/UEDPIE_0_ThirdPersonExampleMap.ThirdPersonExampleMap (0.024921s)
[2020.03.08-09.05.11:922][319]LogInit: XAudio2 using 'Speakers (Realtek High Definition Audio)' : 2 channels at 48 kHz using 32 bits per sample (channel mask 0x3)
[2020.03.08-09.05.11:942][319]LogInit: FAudioDevice initialized.
[2020.03.08-09.05.11:995][319]LogLoad: Game class is 'ThirdPersonGameMode_C'
[2020.03.08-09.05.11:999][319]LogWorld: Bringing World /Game/ThirdPersonBP/Maps/UEDPIE_0_ThirdPersonExampleMap.ThirdPersonExampleMap up for play (max tick rate 60) at 2020.03.08-14.35.11
[2020.03.08-09.05.11:999][319]LogWorld: Bringing up level for play took: 0.003594
[2020.03.08-09.05.12:000][319]PIE: Play in editor start time for /Game/ThirdPersonBP/Maps/UEDPIE_0_ThirdPersonExampleMap 0.317
[2020.03.08-09.05.12:000][319]LogBlueprintUserMessages: Late PlayInEditor Detection: Level '/Game/ThirdPersonBP/Maps/ThirdPersonExampleMap.ThirdPersonExampleMap:PersistentLevel' has LevelScriptBlueprint '/Game/ThirdPersonBP/Maps/ThirdPersonExampleMap.ThirdPersonExampleMap:PersistentLevel.ThirdPersonExampleMap' with GeneratedClass '/Game/ThirdPersonBP/Maps/ThirdPersonExampleMap.ThirdPersonExampleMap_C' with ClassGeneratedBy '/Game/ThirdPersonBP/Maps/ThirdPersonExampleMap.ThirdPersonExampleMap:PersistentLevel.ThirdPersonExampleMap'
[2020.03.08-09.05.46:980][390]LogBlueprintUserMessages: Early EndPlayMap Detection: Level '/Game/ThirdPersonBP/Maps/ThirdPersonExampleMap.ThirdPersonExampleMap:PersistentLevel' has LevelScriptBlueprint '/Game/ThirdPersonBP/Maps/ThirdPersonExampleMap.ThirdPersonExampleMap:PersistentLevel.ThirdPersonExampleMap' with GeneratedClass '/Game/ThirdPersonBP/Maps/ThirdPersonExampleMap.ThirdPersonExampleMap_C' with ClassGeneratedBy '/Game/ThirdPersonBP/Maps/ThirdPersonExampleMap.ThirdPersonExampleMap:PersistentLevel.ThirdPersonExampleMap'
[2020.03.08-09.05.47:019][390]LogBlueprintUserMessages: Late EndPlayMap Detection: Level '/Game/ThirdPersonBP/Maps/ThirdPersonExampleMap.ThirdPersonExampleMap:PersistentLevel' has LevelScriptBlueprint '/Game/ThirdPersonBP/Maps/ThirdPersonExampleMap.ThirdPersonExampleMap:PersistentLevel.ThirdPersonExampleMap' with GeneratedClass '/Game/ThirdPersonBP/Maps/ThirdPersonExampleMap.ThirdPersonExampleMap_C' with ClassGeneratedBy '/Game/ThirdPersonBP/Maps/ThirdPersonExampleMap.ThirdPersonExampleMap:PersistentLevel.ThirdPersonExampleMap'
